<?xml version="1.0" encoding="utf-8"?><testsuites name="pytest tests"><testsuite name="pytest" errors="0" failures="0" skipped="0" tests="16" time="2.212" timestamp="2026-06-24T21:30:22.865229+00:00" hostname="agent-env-c78fe69f-47eb-42dc-81ef-f7871229d977"><testcase classname="backend.tests.test_tokenscope_api.TestRoot" name="test_root_ok" time="0.302" /><testcase classname="backend.tests.test_tokenscope_api.TestSeed" name="test_seed_inserts_demo_data" time="0.223" /><testcase classname="backend.tests.test_tokenscope_api.TestSummary" name="test_summary_structure" time="0.054" /><testcase classname="backend.tests.test_tokenscope_api.TestSummary" name="test_antigravity_cost_positive" time="0.054" /><testcase classname="backend.tests.test_tokenscope_api.TestListUsage" name="test_list_usage" time="0.068" /><testcase classname="backend.tests.test_tokenscope_api.TestLive" name="test_live" time="0.047" /><testcase classname="backend.tests.test_tokenscope_api.TestThreshold" name="test_get_threshold" time="0.051" /><testcase classname="backend.tests.test_tokenscope_api.TestThreshold" name="test_put_threshold" time="0.096" /><testcase classname="backend.tests.test_tokenscope_api.TestCreateDelete" name="test_create_invalid_tool" time="0.053" /><testcase classname="backend.tests.test_tokenscope_api.TestCreateDelete" name="test_create_valid_and_delete" time="0.149" /><testcase classname="backend.tests.test_tokenscope_api.TestCreateDelete" name="test_create_antigravity_uses_underlying" time="0.095" /><testcase classname="backend.tests.test_tokenscope_api.TestImport" name="test_csv_import" time="0.156" /><testcase classname="backend.tests.test_tokenscope_api.TestImport" name="test_json_import_list" time="0.136" /><testcase classname="backend.tests.test_tokenscope_api.TestImport" name="test_json_import_entries_obj" time="0.115" /><testcase classname="backend.tests.test_tokenscope_api.TestImport" name="test_import_skips_invalid_tool" time="0.166" /><testcase classname="backend.tests.test_tokenscope_api.TestClearAll" name="test_clear_all" time="0.255" /></testsuite></testsuites>